[debug] [2025-06-14T03:20:08.712Z] [Firebase Plugin] Activating Firebase extension.
[debug] [2025-06-14T03:21:41.231Z] [Firebase Plugin] requireAuthWrapper
[debug] [2025-06-14T03:21:41.239Z] > command requires scopes: ["email","openid","https://www.googleapis.com/auth/cloudplatformprojects.readonly","https://www.googleapis.com/auth/firebase","https://www.googleapis.com/auth/cloud-platform"]
[debug] [2025-06-14T03:21:41.244Z] > authorizing via signed-in user (duketopceo@gmail.com)
[debug] [2025-06-14T03:21:41.259Z] Checked if tokens are valid: false, expires at: 1749855642678
[debug] [2025-06-14T03:21:41.263Z] Checked if tokens are valid: false, expires at: 1749855642678
[debug] [2025-06-14T03:21:41.266Z] > refreshing access token with scopes: []
[debug] [2025-06-14T03:21:41.274Z] >>> [apiv2][query] POST https://www.googleapis.com/oauth2/v3/token [none]
[debug] [2025-06-14T03:21:41.276Z] >>> [apiv2][body] POST https://www.googleapis.com/oauth2/v3/token [omitted]
[debug] [2025-06-14T03:21:41.323Z] [Firebase Plugin] VSCode notification server listening on port 40001
[debug] [2025-06-14T03:21:49.231Z] Object "" in "firebase.json" has unknown property: {"additionalProperty":"firebase"}
[warn] !  "firebase" key in firebase.json is deprecated. Run firebase use --add instead 
[info] [Firebase Plugin] Starting Data Connect toolkit (version 2.6.3) on port 50001
[info] i  dataconnect: downloading dataconnect-emulator-2.6.3.exe... {"metadata":{"emulator":{"name":"dataconnect"},"message":"downloading dataconnect-emulator-2.6.3.exe..."}}
[debug] [2025-06-14T03:21:49.274Z] >>> [apiv2][query] GET https://storage.googleapis.com/firemat-preview-drop/emulator/dataconnect-emulator-windows-v2.6.3 
[debug] [2025-06-14T03:22:00.626Z] *** [apiv2] error from fetch(https://www.googleapis.com/oauth2/v3/token, {"headers":{},"method":"POST","body":{"_overheadLength":545,"_valueLength":212,"_valuesToMeasure":[],"writable":false,"readable":true,"dataSize":0,"maxDataSize":2097152,"pauseStreams":true,"_released":true,"_streams":[],"_currentStream":null,"_insideLoop":false,"_pendingNext":false,"_boundary":"--------------------------304755660078044489851852","_events":{},"_eventsCount":1}}): FetchError: request to https://www.googleapis.com/oauth2/v3/token failed, reason: getaddrinfo ENOTFOUND www.googleapis.com
[error] Authentication Error: Your credentials are no longer valid. Please run firebase login --reauth

For CI servers and headless environments, generate a new token with firebase login:ci
[error] [Firebase Plugin] requireAuth error: Authentication Error: Your credentials are no longer valid. Please run firebase login --reauth

For CI servers and headless environments, generate a new token with firebase login:ci
[debug] [2025-06-14T03:22:12.641Z] *** [apiv2] error from fetch(https://storage.googleapis.com/firemat-preview-drop/emulator/dataconnect-emulator-windows-v2.6.3, {"headers":{},"method":"GET"}): FetchError: request to https://storage.googleapis.com/firemat-preview-drop/emulator/dataconnect-emulator-windows-v2.6.3 failed, reason: getaddrinfo ENOTFOUND storage.googleapis.com
[debug] [2025-06-14T03:22:12.644Z] 'fdc build' failed with error: Failed to make request to https://storage.googleapis.com/firemat-preview-drop/emulator/dataconnect-emulator-windows-v2.6.3 {"metadata":{"emulator":{"name":"dataconnect"},"message":"'fdc build' failed with error: Failed to make request to https://storage.googleapis.com/firemat-preview-drop/emulator/dataconnect-emulator-windows-v2.6.3"}}
[warn] !  Setup required, please run: firebase setup:emulators:dataconnect 
